C:\Users\Jeffr\Google Drive\Documents\School Docs\Ryerson Course Work\2020\Fall\CCPS706\Project>python ProxyServer.py 127.0.0.1
Ready to serve...
Received a connection from: ('127.0.0.1', 59372)
GET /www.google.ca HTTP/1.1
Host: 127.0.0.1:8888
Connection: keep-alive
Upgrade-Insecure-Requests: 1
User-Agent: Mozilla/5.0 (Windows NT 10.0; Win64; x64) AppleWebKit/537.36 (KHTML, like Gecko) Chrome/87.0.4280.67 Safari/537.36
Accept: text/html,application/xhtml+xml,application/xml;q=0.9,image/avif,image/webp,image/apng,*/*;q=0.8,application/signed-exchange;v=b3;q=0.9
Sec-Fetch-Site: none
Sec-Fetch-Mode: navigate
Sec-Fetch-User: ?1
Sec-Fetch-Dest: document
Accept-Encoding: gzip, deflate, br
Accept-Language: en-US,en;q=0.9


/www.google.ca
www.google.ca
/www.google.ca
google.ca
Traceback (most recent call last):
  File "ProxyServer.py", line 43, in <module>
    f = open(filetouse[1:], "r")
FileNotFoundError: [Errno 2] No such file or directory: 'www.google.ca'

During handling of the above exception, another exception occurred:

Traceback (most recent call last):
  File "ProxyServer.py", line 77, in <module>
    fileobj = c.makefile('r', 0)
  File "C:\Program Files\WindowsApps\PythonSoftwareFoundation.Python.3.8_3.8.1776.0_x64__qbz5n2kfra8p0\lib\socket.py", line 328, in makefile
    raise ValueError("unbuffered streams must be binary")
ValueError: unbuffered streams must be binary